d:\code\mylib\mylib\debug\lib.pch
d:\code\mylib\mylib\debug\lib.pdb
d:\code\mylib\mylib\debug\lib.idb
d:\code\mylib\mylib\debug\stdafx.obj
d:\code\mylib\mylib\debug\2draw.obj
d:\code\mylib\mylib\debug\control.obj
d:\code\mylib\mylib\debug\libd11.obj
d:\code\mylib\mylib\debug\macros.obj
d:\code\mylib\mylib\debug\semaphoremanager.obj
d:\code\mylib\mylib\debug\sprite.obj
d:\code\mylib\mylib\debug\lib2d.obj
d:\code\mylib\mylib\debug\libd3d.obj
d:\code\mylib\mylib\debug\lib.obj
d:\code\mylib\mylib\debug\caret.obj
d:\code\mylib\debug\lib.lib
d:\code\mylib\debug\lib.pdb
d:\code\mylib\mylib\debug\lib.tlog\cl.command.1.tlog
d:\code\mylib\mylib\debug\lib.tlog\cl.read.1.tlog
d:\code\mylib\mylib\debug\lib.tlog\cl.write.1.tlog
d:\code\mylib\mylib\debug\lib.tlog\lib-link.read.1.tlog
d:\code\mylib\mylib\debug\lib.tlog\lib-link.write.1.tlog
d:\code\mylib\mylib\debug\lib.tlog\lib.command.1.tlog
